

Started GET "/assets/rails.png" for 127.0.0.1 at 2012-11-29 04:11:10 +0700
Served asset /rails.png - 304 Not Modified (4ms)


Started GET "/rails/info/properties" for 127.0.0.1 at 2012-11-29 04:11:12 +0700
Processing by Rails::InfoController#properties as HTML
  Rendered inline template (1.8ms)
Completed 200 OK in 26ms (Views: 25.2ms | ActiveRecord: 0.0ms)


Started GET "/assets/rails.png" for 127.0.0.1 at 2012-11-29 04:11:18 +0700
Served asset /rails.png - 304 Not Modified (0ms)
  [1m[36m (0.1ms)[0m  [1mselect sqlite_version(*)[0m
  [1m[35m (161.0ms)[0m  CREATE TABLE "schema_migrations" ("version" varchar(255) NOT NULL) 
  [1m[36m (0.1ms)[0m  [1mPRAGMA index_list("schema_migrations")[0m
  [1m[35m (133.4ms)[0m  CREATE UNIQUE INDEX "unique_schema_migrations" ON "schema_migrations" ("version")
  [1m[36m (0.2ms)[0m  [1mselect sqlite_version(*)[0m
  [1m[35m (0.1ms)[0m  SELECT "schema_migrations"."version" FROM "schema_migrations" 
  [1m[36m (0.1ms)[0m  [1mSELECT "schema_migrations"."version" FROM "schema_migrations" [0m
  [1m[35m (0.1ms)[0m  select sqlite_version(*)
  [1m[36m (141.2ms)[0m  [1mCREATE TABLE "schema_migrations" ("version" varchar(255) NOT NULL) [0m
  [1m[35m (0.1ms)[0m  PRAGMA index_list("schema_migrations")
  [1m[36m (142.8ms)[0m  [1mCREATE UNIQUE INDEX "unique_schema_migrations" ON "schema_migrations" ("version")[0m
  [1m[35m (0.1ms)[0m  SELECT version FROM "schema_migrations"
  [1m[36m (132.7ms)[0m  [1mINSERT INTO "schema_migrations" (version) VALUES ('0')[0m
